2026-05-19 22:13:20 [INFO ] EventStoreBuilder - Conectado a ActiveMQ en tcp://localhost:61616
2026-05-19 22:13:20 [INFO ] EventStoreBuilder - Suscrito (durable) al topic: Weather
2026-05-19 22:13:20 [INFO ] EventStoreBuilder - Evento guardado en: eventstore\Weather\weather-provider\20260510.events
2026-05-19 22:13:20 [INFO ] EventStoreBuilder - Evento guardado en: eventstore\Weather\weather-provider\20260519.events
2026-05-19 22:13:20 [INFO ] EventStoreBuilder - Suscrito (durable) al topic: Football
2026-05-19 22:13:20 [INFO ] EventStoreBuilder - Evento guardado en: eventstore\Football\sports-scraper\20260510.events
2026-05-19 22:13:20 [INFO ] EventStoreBuilder - Evento guardado en: eventstore\Football\sports-scraper\20260510.events
2026-05-19 22:13:20 [INFO ] EventStoreBuilder - Evento guardado en: eventstore\Football\sports-scraper\20260510.events
2026-05-19 22:13:20 [INFO ] EventStoreBuilder - Evento guardado en: eventstore\Football\sports-scraper\20260510.events
2026-05-19 22:13:20 [INFO ] EventStoreBuilder - Evento guardado en: eventstore\Football\sports-scraper\20260510.events
2026-05-19 22:13:20 [INFO ] EventStoreBuilder - Evento guardado en: eventstore\Football\sports-scraper\20260510.events
2026-05-19 22:13:20 [INFO ] EventStoreBuilder - Evento guardado en: eventstore\Football\sports-scraper\20260510.events
2026-05-19 22:13:20 [INFO ] EventStoreBuilder - Evento guardado en: eventstore\Football\sports-scraper\20260510.events
2026-05-19 22:13:20 [INFO ] EventStoreBuilder - Evento guardado en: eventstore\Football\sports-scraper\20260510.events
2026-05-19 22:13:20 [INFO ] EventStoreBuilder - Evento guardado en: eventstore\Football\sports-scraper\20260510.events
2026-05-19 22:13:20 [INFO ] EventStoreBuilder - Evento guardado en: eventstore\Football\sports-scraper\20260510.events
2026-05-19 22:13:20 [INFO ] EventStoreBuilder - Evento guardado en: eventstore\Football\sports-scraper\20260510.events
2026-05-19 22:13:20 [INFO ] EventStoreBuilder - Evento guardado en: eventstore\Football\sports-scraper\20260510.events
2026-05-19 22:13:20 [INFO ] EventStoreBuilder - Evento guardado en: eventstore\Football\sports-scraper\20260510.events
2026-05-19 22:13:20 [INFO ] EventStoreBuilder - Evento guardado en: eventstore\Football\sports-scraper\20260510.events
2026-05-19 22:13:20 [INFO ] EventStoreBuilder - Evento guardado en: eventstore\Football\sports-scraper\20260510.events
2026-05-19 22:13:20 [INFO ] EventStoreBuilder - Evento guardado en: eventstore\Football\sports-scraper\20260510.events
2026-05-19 22:13:20 [INFO ] EventStoreBuilder - Evento guardado en: eventstore\Football\sports-scraper\20260510.events
2026-05-19 22:13:20 [INFO ] EventStoreBuilder - Evento guardado en: eventstore\Football\sports-scraper\20260510.events
2026-05-19 22:13:20 [INFO ] EventStoreBuilder - Evento guardado en: eventstore\Football\sports-scraper\20260510.events
2026-05-19 22:13:20 [INFO ] EventStoreBuilder - Evento guardado en: eventstore\Football\sports-scraper\20260510.events
2026-05-19 22:13:20 [INFO ] EventStoreBuilder - Evento guardado en: eventstore\Football\sports-scraper\20260510.events
2026-05-19 22:13:20 [INFO ] EventStoreBuilder - Evento guardado en: eventstore\Football\sports-scraper\20260510.events
2026-05-19 22:13:20 [INFO ] EventStoreBuilder - Evento guardado en: eventstore\Football\sports-scraper\20260510.events
2026-05-19 22:13:20 [INFO ] EventStoreBuilder - Evento guardado en: eventstore\Football\sports-scraper\20260510.events
2026-05-19 22:13:20 [INFO ] EventStoreBuilder - Evento guardado en: eventstore\Football\sports-scraper\20260510.events
2026-05-19 22:13:20 [INFO ] EventStoreBuilder - Evento guardado en: eventstore\Football\sports-scraper\20260510.events
2026-05-19 22:13:20 [INFO ] EventStoreBuilder - Evento guardado en: eventstore\Football\sports-scraper\20260510.events
2026-05-19 22:13:20 [INFO ] EventStoreBuilder - Evento guardado en: eventstore\Football\sports-scraper\20260510.events
2026-05-19 22:13:20 [INFO ] EventStoreBuilder - Evento guardado en: eventstore\Football\sports-scraper\20260510.events
2026-05-19 22:13:20 [INFO ] EventStoreBuilder - Evento guardado en: eventstore\Football\sports-scraper\20260519.events
2026-05-19 22:13:20 [INFO ] EventStoreBuilder - Evento guardado en: eventstore\Football\sports-scraper\20260519.events
2026-05-19 22:13:20 [INFO ] EventStoreBuilder - Evento guardado en: eventstore\Football\sports-scraper\20260519.events
2026-05-19 22:13:20 [INFO ] EventStoreBuilder - Evento guardado en: eventstore\Football\sports-scraper\20260519.events
2026-05-19 22:13:20 [INFO ] EventStoreBuilder - Evento guardado en: eventstore\Football\sports-scraper\20260519.events
2026-05-19 22:13:20 [INFO ] EventStoreBuilder - Evento guardado en: eventstore\Football\sports-scraper\20260519.events
2026-05-19 22:13:20 [INFO ] EventStoreBuilder - Evento guardado en: eventstore\Football\sports-scraper\20260519.events
2026-05-19 22:13:20 [INFO ] EventStoreBuilder - Evento guardado en: eventstore\Football\sports-scraper\20260519.events
2026-05-19 22:13:20 [INFO ] EventStoreBuilder - Evento guardado en: eventstore\Football\sports-scraper\20260519.events
2026-05-19 22:13:20 [INFO ] EventStoreBuilder - Evento guardado en: eventstore\Football\sports-scraper\20260519.events
2026-05-19 22:13:20 [INFO ] EventStoreBuilder - Evento guardado en: eventstore\Football\sports-scraper\20260519.events
2026-05-19 22:13:20 [INFO ] EventStoreBuilder - Evento guardado en: eventstore\Football\sports-scraper\20260519.events
2026-05-19 22:13:20 [INFO ] EventStoreBuilder - Evento guardado en: eventstore\Football\sports-scraper\20260519.events
2026-05-19 22:13:20 [INFO ] EventStoreBuilder - Evento guardado en: eventstore\Football\sports-scraper\20260519.events
2026-05-19 22:13:20 [INFO ] EventStoreBuilder - Evento guardado en: eventstore\Football\sports-scraper\20260519.events
2026-05-19 22:13:20 [INFO ] EventStoreBuilder - Evento guardado en: eventstore\Football\sports-scraper\20260519.events
2026-05-19 22:13:20 [INFO ] EventStoreBuilder - Evento guardado en: eventstore\Football\sports-scraper\20260519.events
2026-05-19 22:13:20 [INFO ] EventStoreBuilder - Evento guardado en: eventstore\Football\sports-scraper\20260519.events
2026-05-19 22:13:20 [INFO ] EventStoreBuilder - Evento guardado en: eventstore\Football\sports-scraper\20260519.events
2026-05-19 22:13:20 [INFO ] EventStoreBuilder - Evento guardado en: eventstore\Football\sports-scraper\20260519.events
2026-05-19 22:13:20 [INFO ] EventStoreBuilder - Evento guardado en: eventstore\Football\sports-scraper\20260519.events
2026-05-19 22:13:20 [INFO ] EventStoreBuilder - Evento guardado en: eventstore\Football\sports-scraper\20260519.events
2026-05-19 22:13:20 [INFO ] EventStoreBuilder - Evento guardado en: eventstore\Football\sports-scraper\20260519.events
2026-05-19 22:13:20 [INFO ] EventStoreBuilder - Evento guardado en: eventstore\Football\sports-scraper\20260519.events
2026-05-19 22:13:20 [INFO ] EventStoreBuilder - Evento guardado en: eventstore\Football\sports-scraper\20260519.events
2026-05-19 22:13:20 [INFO ] EventStoreBuilder - Evento guardado en: eventstore\Football\sports-scraper\20260519.events
2026-05-19 22:13:20 [INFO ] EventStoreBuilder - Evento guardado en: eventstore\Football\sports-scraper\20260519.events
2026-05-19 22:13:20 [INFO ] EventStoreBuilder - Evento guardado en: eventstore\Football\sports-scraper\20260519.events
2026-05-19 22:13:20 [INFO ] EventStoreBuilder - Evento guardado en: eventstore\Football\sports-scraper\20260519.events
2026-05-19 22:13:20 [INFO ] EventStoreBuilder - Evento guardado en: eventstore\Football\sports-scraper\20260519.events
